

-------- Grammar --------

rule 1 Program: MainClassDeclaration ClassDeclarations
rule 2 MainClassDeclaration: CLASS Identifier LBRACE MainMethodDeclaration RBRACE
rule 3 MainMethodDeclaration: PUBLIC STATIC VOID MAIN LPAREN STRING LBRACKET RBRACKET Identifier RPAREN LBRACE Statement RBRACE
rule 4 ClassDeclarations: 
rule 5 ClassDeclarations: ClassDeclarations ClassDeclaration
rule 6 ClassDeclaration: CLASS Identifier LBRACE ClassBody RBRACE
rule 7 ClassDeclaration: CLASS Identifier EXTENDS Identifier LBRACE ClassBody RBRACE
rule 8 ClassDeclaration: error RBRACE
rule 9 ClassBody: VariableDeclarations MethodDeclarations
rule 10 VariableDeclarations: 
rule 11 VariableDeclarations: VariableDeclarations VariableDeclaration
rule 12 VariableDeclaration: Type Identifier SEMICOLON
rule 13 VariableDeclaration: Type error SEMICOLON
rule 14 MethodDeclarations: 
rule 15 MethodDeclarations: MethodDeclarations MethodDeclaration
rule 16 MethodDeclaration: MethodSignature LBRACE MethodBody RBRACE
rule 17 MethodDeclaration: error RBRACE
rule 18 MethodSignature: PUBLIC Type Identifier LPAREN FormalParameters RPAREN
rule 19 MethodBody: VariableDeclarations Statements RETURN Expression SEMICOLON
rule 20 Type: INT LBRACKET RBRACKET
rule 21 Type: BOOLEAN
rule 22 Type: INT
rule 23 Type: Identifier
rule 24 FormalParameters: 
rule 25 FormalParameters: OneOrMoreFormalParameters
rule 26 OneOrMoreFormalParameters: FormalParameter
rule 27 OneOrMoreFormalParameters: FormalParameter COMMA OneOrMoreFormalParameters
rule 28 FormalParameter: Type Identifier
rule 29 Statements: 
rule 30 Statements: Statement Statements
rule 31 Statement: LBRACE Statements RBRACE
rule 32 Statement: IF LPAREN Expression RPAREN Statement ELSE Statement
rule 33 Statement: WHILE LPAREN Expression RPAREN Statement
rule 34 Statement: PRINTLN LPAREN Expression RPAREN SEMICOLON
rule 35 Statement: Identifier EQUAL Expression SEMICOLON
rule 36 Statement: Identifier LBRACKET Expression RBRACKET EQUAL Expression SEMICOLON
rule 37 Statement: error SEMICOLON
rule 38 Expression: Expression AND Expression
rule 39 Expression: Expression LT Expression
rule 40 Expression: Expression PLUS Expression
rule 41 Expression: Expression MINUS Expression
rule 42 Expression: Expression STAR Expression
rule 43 Expression: Expression LBRACKET Expression RBRACKET
rule 44 Expression: Expression DOT LENGTH
rule 45 Expression: Expression DOT Identifier LPAREN ActualParameters RPAREN
rule 46 Expression: INT_LITERAL
rule 47 Expression: TRUE
rule 48 Expression: FALSE
rule 49 Expression: Identifier
rule 50 Expression: THIS
rule 51 Expression: NEW INT LBRACKET Expression RBRACKET
rule 52 Expression: NEW Identifier LPAREN RPAREN
rule 53 Expression: NOT Expression
rule 54 Expression: LPAREN Expression RPAREN
rule 55 ActualParameters: 
rule 56 ActualParameters: OneOrMoreActualParameters
rule 57 OneOrMoreActualParameters: Expression
rule 58 OneOrMoreActualParameters: Expression COMMA OneOrMoreActualParameters
rule 59 Identifier: IDENTIFIER

------- Symbols -------

**Nonterminals, with rules where they appear

  $start (39)
    on right: 
    on left : 
  Program (40)
    on right: 
    on left : 1
  MainClassDeclaration (41)
    on right: 1
    on left : 2
  ClassDeclarations (42)
    on right: 1 5
    on left : 4 5
  Identifier (43)
    on right: 2 3 6 7 12 18 23 28 35 36 45 49 52
    on left : 59
  MainMethodDeclaration (44)
    on right: 2
    on left : 3
  Statement (45)
    on right: 3 30 32 33
    on left : 31 32 33 34 35 36 37
  ClassDeclaration (46)
    on right: 5
    on left : 6 7 8
  ClassBody (47)
    on right: 6 7
    on left : 9
  VariableDeclarations (48)
    on right: 9 11 19
    on left : 10 11
  MethodDeclarations (49)
    on right: 9 15
    on left : 14 15
  VariableDeclaration (50)
    on right: 11
    on left : 12 13
  Type (51)
    on right: 12 13 18 28
    on left : 20 21 22 23
  MethodDeclaration (52)
    on right: 15
    on left : 16 17
  MethodSignature (53)
    on right: 16
    on left : 18
  MethodBody (54)
    on right: 16
    on left : 19
  FormalParameters (55)
    on right: 18
    on left : 24 25
  Statements (56)
    on right: 19 30 31
    on left : 29 30
  Expression (57)
    on right: 19 32 33 34 35 36 38 39 40 41 42 43 44 45 51 53 54 57 58
    on left : 38 39 40 41 42 43 44 45 46 47 48 49 50 51 52 53 54
  OneOrMoreFormalParameters (58)
    on right: 25 27
    on left : 26 27
  FormalParameter (59)
    on right: 26 27
    on left : 28
  ActualParameters (60)
    on right: 45
    on left : 55 56
  OneOrMoreActualParameters (61)
    on right: 56 58
    on left : 57 58

**Terminals, with rules where they appear

  $end (0) 
  error (1) 8 13 17 37
  LPAREN (2) 3 18 32 33 34 45 52 54
  RPAREN (3) 3 18 32 33 34 45 52 54
  LBRACKET (4) 3 20 36 43 51
  RBRACKET (5) 3 20 36 43 51
  DOT (6) 44 45
  NOT (7) 53
  STAR (8) 42
  PLUS (9) 40
  MINUS (10) 41
  LT (11) 39
  AND (12) 38
  EQUAL (13) 35 36
  CLASS (14) 2 6 7
  LBRACE (15) 2 3 6 7 16 31
  RBRACE (16) 2 3 6 7 8 16 17 31
  PUBLIC (17) 3 18
  STATIC (18) 3
  VOID (19) 3
  MAIN (20) 3
  STRING (21) 3
  EXTENDS (22) 7
  SEMICOLON (23) 12 13 19 34 35 36 37
  RETURN (24) 19
  INT (25) 20 22 51
  BOOLEAN (26) 21
  COMMA (27) 27 58
  IF (28) 32
  ELSE (29) 32
  WHILE (30) 33
  PRINTLN (31) 34
  LENGTH (32) 44
  INT_LITERAL (33) 46
  TRUE (34) 47
  FALSE (35) 48
  THIS (36) 50
  NEW (37) 51 52
  IDENTIFIER (38) 59

--------- State ---------

state 0


  CLASS         shift, and go to state 3

  Program       go to state 1
  MainClassDeclaration  go to state 2

state 1


  $end          shift, and go to state 4


state 2

   1) Program : MainClassDeclaration _ ClassDeclarations

  $default      reduce using rule 4 (ClassDeclarations)

  ClassDeclarations  go to state 5

state 3

   2) MainClassDeclaration : CLASS _ Identifier LBRACE MainMethodDeclaration RBRACE

  IDENTIFIER    shift, and go to state 7

  Identifier    go to state 6

state 4


  $end          shift, and go to state 8


state 5

   1) Program : MainClassDeclaration ClassDeclarations _
   5) ClassDeclarations : ClassDeclarations _ ClassDeclaration

  error         shift, and go to state 11
  CLASS         shift, and go to state 10
  $default      reduce using rule 1 (Program)

  ClassDeclaration  go to state 9

state 6

   2) MainClassDeclaration : CLASS Identifier _ LBRACE MainMethodDeclaration RBRACE

  LBRACE        shift, and go to state 12


state 7

  59) Identifier : IDENTIFIER _

  $default      reduce using rule 59 (Identifier)


state 8


  $default      accept


state 9

   5) ClassDeclarations : ClassDeclarations ClassDeclaration _

  $default      reduce using rule 5 (ClassDeclarations)


state 10

   6) ClassDeclaration : CLASS _ Identifier LBRACE ClassBody RBRACE
   7) ClassDeclaration : CLASS _ Identifier EXTENDS Identifier LBRACE ClassBody RBRACE

  IDENTIFIER    shift, and go to state 7

  Identifier    go to state 13

state 11

   8) ClassDeclaration : error _ RBRACE

  RBRACE        shift, and go to state 14


state 12

   2) MainClassDeclaration : CLASS Identifier LBRACE _ MainMethodDeclaration RBRACE

  PUBLIC        shift, and go to state 16

  MainMethodDeclaration  go to state 15

state 13

   6) ClassDeclaration : CLASS Identifier _ LBRACE ClassBody RBRACE
   7) ClassDeclaration : CLASS Identifier _ EXTENDS Identifier LBRACE ClassBody RBRACE

  LBRACE        shift, and go to state 17
  EXTENDS       shift, and go to state 18


state 14

   8) ClassDeclaration : error RBRACE _

  $default      reduce using rule 8 (ClassDeclaration)


state 15

   2) MainClassDeclaration : CLASS Identifier LBRACE MainMethodDeclaration _ RBRACE

  RBRACE        shift, and go to state 19


state 16

   3) MainMethodDeclaration : PUBLIC _ STATIC VOID MAIN LPAREN STRING LBRACKET RBRACKET Identifier RPAREN LBRACE Statement RBRACE

  STATIC        shift, and go to state 20


state 17

   6) ClassDeclaration : CLASS Identifier LBRACE _ ClassBody RBRACE

  $default      reduce using rule 10 (VariableDeclarations)

  ClassBody     go to state 21
  VariableDeclarations  go to state 22

state 18

   7) ClassDeclaration : CLASS Identifier EXTENDS _ Identifier LBRACE ClassBody RBRACE

  IDENTIFIER    shift, and go to state 7

  Identifier    go to state 23

state 19

   2) MainClassDeclaration : CLASS Identifier LBRACE MainMethodDeclaration RBRACE _

  $default      reduce using rule 2 (MainClassDeclaration)


state 20

   3) MainMethodDeclaration : PUBLIC STATIC _ VOID MAIN LPAREN STRING LBRACKET RBRACKET Identifier RPAREN LBRACE Statement RBRACE

  VOID          shift, and go to state 24


state 21

   6) ClassDeclaration : CLASS Identifier LBRACE ClassBody _ RBRACE

  RBRACE        shift, and go to state 25


state 22

   9) ClassBody : VariableDeclarations _ MethodDeclarations
  11) VariableDeclarations : VariableDeclarations _ VariableDeclaration

  INT           shift, and go to state 29
  BOOLEAN       shift, and go to state 30
  IDENTIFIER    shift, and go to state 7
  $default      reduce using rule 14 (MethodDeclarations)

  MethodDeclarations  go to state 26
  VariableDeclaration  go to state 27
  Type          go to state 28
  Identifier    go to state 31

state 23

   7) ClassDeclaration : CLASS Identifier EXTENDS Identifier _ LBRACE ClassBody RBRACE

  LBRACE        shift, and go to state 32


state 24

   3) MainMethodDeclaration : PUBLIC STATIC VOID _ MAIN LPAREN STRING LBRACKET RBRACKET Identifier RPAREN LBRACE Statement RBRACE

  MAIN          shift, and go to state 33


state 25

   6) ClassDeclaration : CLASS Identifier LBRACE ClassBody RBRACE _

  $default      reduce using rule 6 (ClassDeclaration)


state 26

   9) ClassBody : VariableDeclarations MethodDeclarations _
  15) MethodDeclarations : MethodDeclarations _ MethodDeclaration

  error         shift, and go to state 36
  PUBLIC        shift, and go to state 37
  $default      reduce using rule 9 (ClassBody)

  MethodDeclaration  go to state 34
  MethodSignature  go to state 35

state 27

  11) VariableDeclarations : VariableDeclarations VariableDeclaration _

  $default      reduce using rule 11 (VariableDeclarations)


state 28

  12) VariableDeclaration : Type _ Identifier SEMICOLON
  13) VariableDeclaration : Type _ error SEMICOLON

  error         shift, and go to state 39
  IDENTIFIER    shift, and go to state 7

  Identifier    go to state 38

state 29

  20) Type : INT _ LBRACKET RBRACKET
  22) Type : INT _

  LBRACKET      shift, and go to state 40
  $default      reduce using rule 22 (Type)


state 30

  21) Type : BOOLEAN _

  $default      reduce using rule 21 (Type)


state 31

  23) Type : Identifier _

  $default      reduce using rule 23 (Type)


state 32

   7) ClassDeclaration : CLASS Identifier EXTENDS Identifier LBRACE _ ClassBody RBRACE

  $default      reduce using rule 10 (VariableDeclarations)

  ClassBody     go to state 41
  VariableDeclarations  go to state 22

state 33

   3) MainMethodDeclaration : PUBLIC STATIC VOID MAIN _ LPAREN STRING LBRACKET RBRACKET Identifier RPAREN LBRACE Statement RBRACE

  LPAREN        shift, and go to state 42


state 34

  15) MethodDeclarations : MethodDeclarations MethodDeclaration _

  $default      reduce using rule 15 (MethodDeclarations)


state 35

  16) MethodDeclaration : MethodSignature _ LBRACE MethodBody RBRACE

  LBRACE        shift, and go to state 43


state 36

  17) MethodDeclaration : error _ RBRACE

  RBRACE        shift, and go to state 44


state 37

  18) MethodSignature : PUBLIC _ Type Identifier LPAREN FormalParameters RPAREN

  INT           shift, and go to state 29
  BOOLEAN       shift, and go to state 30
  IDENTIFIER    shift, and go to state 7

  Type          go to state 45
  Identifier    go to state 31

state 38

  12) VariableDeclaration : Type Identifier _ SEMICOLON

  SEMICOLON     shift, and go to state 46


state 39

  13) VariableDeclaration : Type error _ SEMICOLON

  SEMICOLON     shift, and go to state 47


state 40

  20) Type : INT LBRACKET _ RBRACKET

  RBRACKET      shift, and go to state 48


state 41

   7) ClassDeclaration : CLASS Identifier EXTENDS Identifier LBRACE ClassBody _ RBRACE

  RBRACE        shift, and go to state 49


state 42

   3) MainMethodDeclaration : PUBLIC STATIC VOID MAIN LPAREN _ STRING LBRACKET RBRACKET Identifier RPAREN LBRACE Statement RBRACE

  STRING        shift, and go to state 50


state 43

  16) MethodDeclaration : MethodSignature LBRACE _ MethodBody RBRACE

  $default      reduce using rule 10 (VariableDeclarations)

  VariableDeclarations  go to state 51
  MethodBody    go to state 52

state 44

  17) MethodDeclaration : error RBRACE _

  $default      reduce using rule 17 (MethodDeclaration)


state 45

  18) MethodSignature : PUBLIC Type _ Identifier LPAREN FormalParameters RPAREN

  IDENTIFIER    shift, and go to state 7

  Identifier    go to state 53

state 46

  12) VariableDeclaration : Type Identifier SEMICOLON _

  $default      reduce using rule 12 (VariableDeclaration)


state 47

  13) VariableDeclaration : Type error SEMICOLON _

  $default      reduce using rule 13 (VariableDeclaration)


state 48

  20) Type : INT LBRACKET RBRACKET _

  $default      reduce using rule 20 (Type)


state 49

   7) ClassDeclaration : CLASS Identifier EXTENDS Identifier LBRACE ClassBody RBRACE _

  $default      reduce using rule 7 (ClassDeclaration)


state 50

   3) MainMethodDeclaration : PUBLIC STATIC VOID MAIN LPAREN STRING _ LBRACKET RBRACKET Identifier RPAREN LBRACE Statement RBRACE

  LBRACKET      shift, and go to state 54


state 51

  11) VariableDeclarations : VariableDeclarations _ VariableDeclaration
  19) MethodBody : VariableDeclarations _ Statements RETURN Expression SEMICOLON

  error         shift, and go to state 62
  LBRACE        shift, and go to state 58
  INT           shift, and go to state 29
  BOOLEAN       shift, and go to state 30
  IF            shift, and go to state 59
  WHILE         shift, and go to state 60
  PRINTLN       shift, and go to state 61
  IDENTIFIER    shift, and go to state 7
  $default      reduce using rule 29 (Statements)

  VariableDeclaration  go to state 27
  Type          go to state 28
  Statements    go to state 55
  Identifier    go to state 56
  Statement     go to state 57

state 52

  16) MethodDeclaration : MethodSignature LBRACE MethodBody _ RBRACE

  RBRACE        shift, and go to state 63


state 53

  18) MethodSignature : PUBLIC Type Identifier _ LPAREN FormalParameters RPAREN

  LPAREN        shift, and go to state 64


state 54

   3) MainMethodDeclaration : PUBLIC STATIC VOID MAIN LPAREN STRING LBRACKET _ RBRACKET Identifier RPAREN LBRACE Statement RBRACE

  RBRACKET      shift, and go to state 65


state 55

  19) MethodBody : VariableDeclarations Statements _ RETURN Expression SEMICOLON

  RETURN        shift, and go to state 66


state 56

  23) Type : Identifier _
  35) Statement : Identifier _ EQUAL Expression SEMICOLON
  36) Statement : Identifier _ LBRACKET Expression RBRACKET EQUAL Expression SEMICOLON

  LBRACKET      shift, and go to state 68
  EQUAL         shift, and go to state 67
  $default      reduce using rule 23 (Type)


state 57

  30) Statements : Statement _ Statements

  error         shift, and go to state 62
  LBRACE        shift, and go to state 58
  IF            shift, and go to state 59
  WHILE         shift, and go to state 60
  PRINTLN       shift, and go to state 61
  IDENTIFIER    shift, and go to state 7
  $default      reduce using rule 29 (Statements)

  Statement     go to state 57
  Statements    go to state 69
  Identifier    go to state 70

state 58

  31) Statement : LBRACE _ Statements RBRACE

  error         shift, and go to state 62
  LBRACE        shift, and go to state 58
  IF            shift, and go to state 59
  WHILE         shift, and go to state 60
  PRINTLN       shift, and go to state 61
  IDENTIFIER    shift, and go to state 7
  $default      reduce using rule 29 (Statements)

  Statement     go to state 57
  Statements    go to state 71
  Identifier    go to state 70

state 59

  32) Statement : IF _ LPAREN Expression RPAREN Statement ELSE Statement

  LPAREN        shift, and go to state 72


state 60

  33) Statement : WHILE _ LPAREN Expression RPAREN Statement

  LPAREN        shift, and go to state 73


state 61

  34) Statement : PRINTLN _ LPAREN Expression RPAREN SEMICOLON

  LPAREN        shift, and go to state 74


state 62

  37) Statement : error _ SEMICOLON

  SEMICOLON     shift, and go to state 75


state 63

  16) MethodDeclaration : MethodSignature LBRACE MethodBody RBRACE _

  $default      reduce using rule 16 (MethodDeclaration)


state 64

  18) MethodSignature : PUBLIC Type Identifier LPAREN _ FormalParameters RPAREN

  INT           shift, and go to state 29
  BOOLEAN       shift, and go to state 30
  IDENTIFIER    shift, and go to state 7
  $default      reduce using rule 24 (FormalParameters)

  FormalParameters  go to state 76
  Identifier    go to state 31
  OneOrMoreFormalParameters  go to state 77
  FormalParameter  go to state 78
  Type          go to state 79

state 65

   3) MainMethodDeclaration : PUBLIC STATIC VOID MAIN LPAREN STRING LBRACKET RBRACKET _ Identifier RPAREN LBRACE Statement RBRACE

  IDENTIFIER    shift, and go to state 7

  Identifier    go to state 80

state 66

  19) MethodBody : VariableDeclarations Statements RETURN _ Expression SEMICOLON

  LPAREN        shift, and go to state 89
  NOT           shift, and go to state 88
  INT_LITERAL   shift, and go to state 82
  TRUE          shift, and go to state 83
  FALSE         shift, and go to state 84
  THIS          shift, and go to state 86
  NEW           shift, and go to state 87
  IDENTIFIER    shift, and go to state 7

  Expression    go to state 81
  Identifier    go to state 85

state 67

  35) Statement : Identifier EQUAL _ Expression SEMICOLON

  LPAREN        shift, and go to state 89
  NOT           shift, and go to state 88
  INT_LITERAL   shift, and go to state 82
  TRUE          shift, and go to state 83
  FALSE         shift, and go to state 84
  THIS          shift, and go to state 86
  NEW           shift, and go to state 87
  IDENTIFIER    shift, and go to state 7

  Expression    go to state 90
  Identifier    go to state 85

state 68

  36) Statement : Identifier LBRACKET _ Expression RBRACKET EQUAL Expression SEMICOLON

  LPAREN        shift, and go to state 89
  NOT           shift, and go to state 88
  INT_LITERAL   shift, and go to state 82
  TRUE          shift, and go to state 83
  FALSE         shift, and go to state 84
  THIS          shift, and go to state 86
  NEW           shift, and go to state 87
  IDENTIFIER    shift, and go to state 7

  Expression    go to state 91
  Identifier    go to state 85

state 69

  30) Statements : Statement Statements _

  $default      reduce using rule 30 (Statements)


state 70

  35) Statement : Identifier _ EQUAL Expression SEMICOLON
  36) Statement : Identifier _ LBRACKET Expression RBRACKET EQUAL Expression SEMICOLON

  LBRACKET      shift, and go to state 68
  EQUAL         shift, and go to state 67


state 71

  31) Statement : LBRACE Statements _ RBRACE

  RBRACE        shift, and go to state 92


state 72

  32) Statement : IF LPAREN _ Expression RPAREN Statement ELSE Statement

  LPAREN        shift, and go to state 89
  NOT           shift, and go to state 88
  INT_LITERAL   shift, and go to state 82
  TRUE          shift, and go to state 83
  FALSE         shift, and go to state 84
  THIS          shift, and go to state 86
  NEW           shift, and go to state 87
  IDENTIFIER    shift, and go to state 7

  Expression    go to state 93
  Identifier    go to state 85

state 73

  33) Statement : WHILE LPAREN _ Expression RPAREN Statement

  LPAREN        shift, and go to state 89
  NOT           shift, and go to state 88
  INT_LITERAL   shift, and go to state 82
  TRUE          shift, and go to state 83
  FALSE         shift, and go to state 84
  THIS          shift, and go to state 86
  NEW           shift, and go to state 87
  IDENTIFIER    shift, and go to state 7

  Expression    go to state 94
  Identifier    go to state 85

state 74

  34) Statement : PRINTLN LPAREN _ Expression RPAREN SEMICOLON

  LPAREN        shift, and go to state 89
  NOT           shift, and go to state 88
  INT_LITERAL   shift, and go to state 82
  TRUE          shift, and go to state 83
  FALSE         shift, and go to state 84
  THIS          shift, and go to state 86
  NEW           shift, and go to state 87
  IDENTIFIER    shift, and go to state 7

  Expression    go to state 95
  Identifier    go to state 85

state 75

  37) Statement : error SEMICOLON _

  $default      reduce using rule 37 (Statement)


state 76

  18) MethodSignature : PUBLIC Type Identifier LPAREN FormalParameters _ RPAREN

  RPAREN        shift, and go to state 96


state 77

  25) FormalParameters : OneOrMoreFormalParameters _

  $default      reduce using rule 25 (FormalParameters)


state 78

  26) OneOrMoreFormalParameters : FormalParameter _
  27) OneOrMoreFormalParameters : FormalParameter _ COMMA OneOrMoreFormalParameters

  COMMA         shift, and go to state 97
  $default      reduce using rule 26 (OneOrMoreFormalParameters)


state 79

  28) FormalParameter : Type _ Identifier

  IDENTIFIER    shift, and go to state 7

  Identifier    go to state 98

state 80

   3) MainMethodDeclaration : PUBLIC STATIC VOID MAIN LPAREN STRING LBRACKET RBRACKET Identifier _ RPAREN LBRACE Statement RBRACE

  RPAREN        shift, and go to state 99


state 81

  19) MethodBody : VariableDeclarations Statements RETURN Expression _ SEMICOLON
  38) Expression : Expression _ AND Expression
  39) Expression : Expression _ LT Expression
  40) Expression : Expression _ PLUS Expression
  41) Expression : Expression _ MINUS Expression
  42) Expression : Expression _ STAR Expression
  43) Expression : Expression _ LBRACKET Expression RBRACKET
  44) Expression : Expression _ DOT LENGTH
  45) Expression : Expression _ DOT Identifier LPAREN ActualParameters RPAREN

  LBRACKET      shift, and go to state 106
  DOT           shift, and go to state 107
  STAR          shift, and go to state 105
  PLUS          shift, and go to state 103
  MINUS         shift, and go to state 104
  LT            shift, and go to state 102
  AND           shift, and go to state 101
  SEMICOLON     shift, and go to state 100


state 82

  46) Expression : INT_LITERAL _

  $default      reduce using rule 46 (Expression)


state 83

  47) Expression : TRUE _

  $default      reduce using rule 47 (Expression)


state 84

  48) Expression : FALSE _

  $default      reduce using rule 48 (Expression)


state 85

  49) Expression : Identifier _

  $default      reduce using rule 49 (Expression)


state 86

  50) Expression : THIS _

  $default      reduce using rule 50 (Expression)


state 87

  51) Expression : NEW _ INT LBRACKET Expression RBRACKET
  52) Expression : NEW _ Identifier LPAREN RPAREN

  INT           shift, and go to state 108
  IDENTIFIER    shift, and go to state 7

  Identifier    go to state 109

state 88

  53) Expression : NOT _ Expression

  LPAREN        shift, and go to state 89
  NOT           shift, and go to state 88
  INT_LITERAL   shift, and go to state 82
  TRUE          shift, and go to state 83
  FALSE         shift, and go to state 84
  THIS          shift, and go to state 86
  NEW           shift, and go to state 87
  IDENTIFIER    shift, and go to state 7

  Expression    go to state 110
  Identifier    go to state 85

state 89

  54) Expression : LPAREN _ Expression RPAREN

  LPAREN        shift, and go to state 89
  NOT           shift, and go to state 88
  INT_LITERAL   shift, and go to state 82
  TRUE          shift, and go to state 83
  FALSE         shift, and go to state 84
  THIS          shift, and go to state 86
  NEW           shift, and go to state 87
  IDENTIFIER    shift, and go to state 7

  Expression    go to state 111
  Identifier    go to state 85

state 90

  35) Statement : Identifier EQUAL Expression _ SEMICOLON
  38) Expression : Expression _ AND Expression
  39) Expression : Expression _ LT Expression
  40) Expression : Expression _ PLUS Expression
  41) Expression : Expression _ MINUS Expression
  42) Expression : Expression _ STAR Expression
  43) Expression : Expression _ LBRACKET Expression RBRACKET
  44) Expression : Expression _ DOT LENGTH
  45) Expression : Expression _ DOT Identifier LPAREN ActualParameters RPAREN

  LBRACKET      shift, and go to state 106
  DOT           shift, and go to state 107
  STAR          shift, and go to state 105
  PLUS          shift, and go to state 103
  MINUS         shift, and go to state 104
  LT            shift, and go to state 102
  AND           shift, and go to state 101
  SEMICOLON     shift, and go to state 112


state 91

  36) Statement : Identifier LBRACKET Expression _ RBRACKET EQUAL Expression SEMICOLON
  38) Expression : Expression _ AND Expression
  39) Expression : Expression _ LT Expression
  40) Expression : Expression _ PLUS Expression
  41) Expression : Expression _ MINUS Expression
  42) Expression : Expression _ STAR Expression
  43) Expression : Expression _ LBRACKET Expression RBRACKET
  44) Expression : Expression _ DOT LENGTH
  45) Expression : Expression _ DOT Identifier LPAREN ActualParameters RPAREN

  LBRACKET      shift, and go to state 106
  RBRACKET      shift, and go to state 113
  DOT           shift, and go to state 107
  STAR          shift, and go to state 105
  PLUS          shift, and go to state 103
  MINUS         shift, and go to state 104
  LT            shift, and go to state 102
  AND           shift, and go to state 101


state 92

  31) Statement : LBRACE Statements RBRACE _

  $default      reduce using rule 31 (Statement)


state 93

  32) Statement : IF LPAREN Expression _ RPAREN Statement ELSE Statement
  38) Expression : Expression _ AND Expression
  39) Expression : Expression _ LT Expression
  40) Expression : Expression _ PLUS Expression
  41) Expression : Expression _ MINUS Expression
  42) Expression : Expression _ STAR Expression
  43) Expression : Expression _ LBRACKET Expression RBRACKET
  44) Expression : Expression _ DOT LENGTH
  45) Expression : Expression _ DOT Identifier LPAREN ActualParameters RPAREN

  RPAREN        shift, and go to state 114
  LBRACKET      shift, and go to state 106
  DOT           shift, and go to state 107
  STAR          shift, and go to state 105
  PLUS          shift, and go to state 103
  MINUS         shift, and go to state 104
  LT            shift, and go to state 102
  AND           shift, and go to state 101


state 94

  33) Statement : WHILE LPAREN Expression _ RPAREN Statement
  38) Expression : Expression _ AND Expression
  39) Expression : Expression _ LT Expression
  40) Expression : Expression _ PLUS Expression
  41) Expression : Expression _ MINUS Expression
  42) Expression : Expression _ STAR Expression
  43) Expression : Expression _ LBRACKET Expression RBRACKET
  44) Expression : Expression _ DOT LENGTH
  45) Expression : Expression _ DOT Identifier LPAREN ActualParameters RPAREN

  RPAREN        shift, and go to state 115
  LBRACKET      shift, and go to state 106
  DOT           shift, and go to state 107
  STAR          shift, and go to state 105
  PLUS          shift, and go to state 103
  MINUS         shift, and go to state 104
  LT            shift, and go to state 102
  AND           shift, and go to state 101


state 95

  34) Statement : PRINTLN LPAREN Expression _ RPAREN SEMICOLON
  38) Expression : Expression _ AND Expression
  39) Expression : Expression _ LT Expression
  40) Expression : Expression _ PLUS Expression
  41) Expression : Expression _ MINUS Expression
  42) Expression : Expression _ STAR Expression
  43) Expression : Expression _ LBRACKET Expression RBRACKET
  44) Expression : Expression _ DOT LENGTH
  45) Expression : Expression _ DOT Identifier LPAREN ActualParameters RPAREN

  RPAREN        shift, and go to state 116
  LBRACKET      shift, and go to state 106
  DOT           shift, and go to state 107
  STAR          shift, and go to state 105
  PLUS          shift, and go to state 103
  MINUS         shift, and go to state 104
  LT            shift, and go to state 102
  AND           shift, and go to state 101


state 96

  18) MethodSignature : PUBLIC Type Identifier LPAREN FormalParameters RPAREN _

  $default      reduce using rule 18 (MethodSignature)


state 97

  27) OneOrMoreFormalParameters : FormalParameter COMMA _ OneOrMoreFormalParameters

  INT           shift, and go to state 29
  BOOLEAN       shift, and go to state 30
  IDENTIFIER    shift, and go to state 7

  Identifier    go to state 31
  FormalParameter  go to state 78
  OneOrMoreFormalParameters  go to state 117
  Type          go to state 79

state 98

  28) FormalParameter : Type Identifier _

  $default      reduce using rule 28 (FormalParameter)


state 99

   3) MainMethodDeclaration : PUBLIC STATIC VOID MAIN LPAREN STRING LBRACKET RBRACKET Identifier RPAREN _ LBRACE Statement RBRACE

  LBRACE        shift, and go to state 118


state 100

  19) MethodBody : VariableDeclarations Statements RETURN Expression SEMICOLON _

  $default      reduce using rule 19 (MethodBody)


state 101

  38) Expression : Expression AND _ Expression

  LPAREN        shift, and go to state 89
  NOT           shift, and go to state 88
  INT_LITERAL   shift, and go to state 82
  TRUE          shift, and go to state 83
  FALSE         shift, and go to state 84
  THIS          shift, and go to state 86
  NEW           shift, and go to state 87
  IDENTIFIER    shift, and go to state 7

  Expression    go to state 119
  Identifier    go to state 85

state 102

  39) Expression : Expression LT _ Expression

  LPAREN        shift, and go to state 89
  NOT           shift, and go to state 88
  INT_LITERAL   shift, and go to state 82
  TRUE          shift, and go to state 83
  FALSE         shift, and go to state 84
  THIS          shift, and go to state 86
  NEW           shift, and go to state 87
  IDENTIFIER    shift, and go to state 7

  Expression    go to state 120
  Identifier    go to state 85

state 103

  40) Expression : Expression PLUS _ Expression

  LPAREN        shift, and go to state 89
  NOT           shift, and go to state 88
  INT_LITERAL   shift, and go to state 82
  TRUE          shift, and go to state 83
  FALSE         shift, and go to state 84
  THIS          shift, and go to state 86
  NEW           shift, and go to state 87
  IDENTIFIER    shift, and go to state 7

  Expression    go to state 121
  Identifier    go to state 85

state 104

  41) Expression : Expression MINUS _ Expression

  LPAREN        shift, and go to state 89
  NOT           shift, and go to state 88
  INT_LITERAL   shift, and go to state 82
  TRUE          shift, and go to state 83
  FALSE         shift, and go to state 84
  THIS          shift, and go to state 86
  NEW           shift, and go to state 87
  IDENTIFIER    shift, and go to state 7

  Expression    go to state 122
  Identifier    go to state 85

state 105

  42) Expression : Expression STAR _ Expression

  LPAREN        shift, and go to state 89
  NOT           shift, and go to state 88
  INT_LITERAL   shift, and go to state 82
  TRUE          shift, and go to state 83
  FALSE         shift, and go to state 84
  THIS          shift, and go to state 86
  NEW           shift, and go to state 87
  IDENTIFIER    shift, and go to state 7

  Expression    go to state 123
  Identifier    go to state 85

state 106

  43) Expression : Expression LBRACKET _ Expression RBRACKET

  LPAREN        shift, and go to state 89
  NOT           shift, and go to state 88
  INT_LITERAL   shift, and go to state 82
  TRUE          shift, and go to state 83
  FALSE         shift, and go to state 84
  THIS          shift, and go to state 86
  NEW           shift, and go to state 87
  IDENTIFIER    shift, and go to state 7

  Expression    go to state 124
  Identifier    go to state 85

state 107

  44) Expression : Expression DOT _ LENGTH
  45) Expression : Expression DOT _ Identifier LPAREN ActualParameters RPAREN

  LENGTH        shift, and go to state 125
  IDENTIFIER    shift, and go to state 7

  Identifier    go to state 126

state 108

  51) Expression : NEW INT _ LBRACKET Expression RBRACKET

  LBRACKET      shift, and go to state 127


state 109

  52) Expression : NEW Identifier _ LPAREN RPAREN

  LPAREN        shift, and go to state 128


state 110

  38) Expression : Expression _ AND Expression
  39) Expression : Expression _ LT Expression
  40) Expression : Expression _ PLUS Expression
  41) Expression : Expression _ MINUS Expression
  42) Expression : Expression _ STAR Expression
  43) Expression : Expression _ LBRACKET Expression RBRACKET
  44) Expression : Expression _ DOT LENGTH
  45) Expression : Expression _ DOT Identifier LPAREN ActualParameters RPAREN
  53) Expression : NOT Expression _

  LBRACKET      shift, and go to state 106
  DOT           shift, and go to state 107
  $default      reduce using rule 53 (Expression)


state 111

  38) Expression : Expression _ AND Expression
  39) Expression : Expression _ LT Expression
  40) Expression : Expression _ PLUS Expression
  41) Expression : Expression _ MINUS Expression
  42) Expression : Expression _ STAR Expression
  43) Expression : Expression _ LBRACKET Expression RBRACKET
  44) Expression : Expression _ DOT LENGTH
  45) Expression : Expression _ DOT Identifier LPAREN ActualParameters RPAREN
  54) Expression : LPAREN Expression _ RPAREN

  RPAREN        shift, and go to state 129
  LBRACKET      shift, and go to state 106
  DOT           shift, and go to state 107
  STAR          shift, and go to state 105
  PLUS          shift, and go to state 103
  MINUS         shift, and go to state 104
  LT            shift, and go to state 102
  AND           shift, and go to state 101


state 112

  35) Statement : Identifier EQUAL Expression SEMICOLON _

  $default      reduce using rule 35 (Statement)


state 113

  36) Statement : Identifier LBRACKET Expression RBRACKET _ EQUAL Expression SEMICOLON

  EQUAL         shift, and go to state 130


state 114

  32) Statement : IF LPAREN Expression RPAREN _ Statement ELSE Statement

  error         shift, and go to state 62
  LBRACE        shift, and go to state 58
  IF            shift, and go to state 59
  WHILE         shift, and go to state 60
  PRINTLN       shift, and go to state 61
  IDENTIFIER    shift, and go to state 7

  Statement     go to state 131
  Identifier    go to state 70

state 115

  33) Statement : WHILE LPAREN Expression RPAREN _ Statement

  error         shift, and go to state 62
  LBRACE        shift, and go to state 58
  IF            shift, and go to state 59
  WHILE         shift, and go to state 60
  PRINTLN       shift, and go to state 61
  IDENTIFIER    shift, and go to state 7

  Statement     go to state 132
  Identifier    go to state 70

state 116

  34) Statement : PRINTLN LPAREN Expression RPAREN _ SEMICOLON

  SEMICOLON     shift, and go to state 133


state 117

  27) OneOrMoreFormalParameters : FormalParameter COMMA OneOrMoreFormalParameters _

  $default      reduce using rule 27 (OneOrMoreFormalParameters)


state 118

   3) MainMethodDeclaration : PUBLIC STATIC VOID MAIN LPAREN STRING LBRACKET RBRACKET Identifier RPAREN LBRACE _ Statement RBRACE

  error         shift, and go to state 62
  LBRACE        shift, and go to state 58
  IF            shift, and go to state 59
  WHILE         shift, and go to state 60
  PRINTLN       shift, and go to state 61
  IDENTIFIER    shift, and go to state 7

  Statement     go to state 134
  Identifier    go to state 70

state 119

  38) Expression : Expression _ AND Expression
  38) Expression : Expression AND Expression _
  39) Expression : Expression _ LT Expression
  40) Expression : Expression _ PLUS Expression
  41) Expression : Expression _ MINUS Expression
  42) Expression : Expression _ STAR Expression
  43) Expression : Expression _ LBRACKET Expression RBRACKET
  44) Expression : Expression _ DOT LENGTH
  45) Expression : Expression _ DOT Identifier LPAREN ActualParameters RPAREN

  LBRACKET      shift, and go to state 106
  DOT           shift, and go to state 107
  STAR          shift, and go to state 105
  PLUS          shift, and go to state 103
  MINUS         shift, and go to state 104
  LT            shift, and go to state 102
  $default      reduce using rule 38 (Expression)


state 120

  38) Expression : Expression _ AND Expression
  39) Expression : Expression _ LT Expression
  39) Expression : Expression LT Expression _
  40) Expression : Expression _ PLUS Expression
  41) Expression : Expression _ MINUS Expression
  42) Expression : Expression _ STAR Expression
  43) Expression : Expression _ LBRACKET Expression RBRACKET
  44) Expression : Expression _ DOT LENGTH
  45) Expression : Expression _ DOT Identifier LPAREN ActualParameters RPAREN

  LBRACKET      shift, and go to state 106
  DOT           shift, and go to state 107
  STAR          shift, and go to state 105
  PLUS          shift, and go to state 103
  MINUS         shift, and go to state 104
  $default      reduce using rule 39 (Expression)


state 121

  38) Expression : Expression _ AND Expression
  39) Expression : Expression _ LT Expression
  40) Expression : Expression _ PLUS Expression
  40) Expression : Expression PLUS Expression _
  41) Expression : Expression _ MINUS Expression
  42) Expression : Expression _ STAR Expression
  43) Expression : Expression _ LBRACKET Expression RBRACKET
  44) Expression : Expression _ DOT LENGTH
  45) Expression : Expression _ DOT Identifier LPAREN ActualParameters RPAREN

  LBRACKET      shift, and go to state 106
  DOT           shift, and go to state 107
  STAR          shift, and go to state 105
  $default      reduce using rule 40 (Expression)


state 122

  38) Expression : Expression _ AND Expression
  39) Expression : Expression _ LT Expression
  40) Expression : Expression _ PLUS Expression
  41) Expression : Expression _ MINUS Expression
  41) Expression : Expression MINUS Expression _
  42) Expression : Expression _ STAR Expression
  43) Expression : Expression _ LBRACKET Expression RBRACKET
  44) Expression : Expression _ DOT LENGTH
  45) Expression : Expression _ DOT Identifier LPAREN ActualParameters RPAREN

  LBRACKET      shift, and go to state 106
  DOT           shift, and go to state 107
  STAR          shift, and go to state 105
  $default      reduce using rule 41 (Expression)


state 123

  38) Expression : Expression _ AND Expression
  39) Expression : Expression _ LT Expression
  40) Expression : Expression _ PLUS Expression
  41) Expression : Expression _ MINUS Expression
  42) Expression : Expression _ STAR Expression
  42) Expression : Expression STAR Expression _
  43) Expression : Expression _ LBRACKET Expression RBRACKET
  44) Expression : Expression _ DOT LENGTH
  45) Expression : Expression _ DOT Identifier LPAREN ActualParameters RPAREN

  LBRACKET      shift, and go to state 106
  DOT           shift, and go to state 107
  $default      reduce using rule 42 (Expression)


state 124

  38) Expression : Expression _ AND Expression
  39) Expression : Expression _ LT Expression
  40) Expression : Expression _ PLUS Expression
  41) Expression : Expression _ MINUS Expression
  42) Expression : Expression _ STAR Expression
  43) Expression : Expression _ LBRACKET Expression RBRACKET
  43) Expression : Expression LBRACKET Expression _ RBRACKET
  44) Expression : Expression _ DOT LENGTH
  45) Expression : Expression _ DOT Identifier LPAREN ActualParameters RPAREN

  LBRACKET      shift, and go to state 106
  RBRACKET      shift, and go to state 135
  DOT           shift, and go to state 107
  STAR          shift, and go to state 105
  PLUS          shift, and go to state 103
  MINUS         shift, and go to state 104
  LT            shift, and go to state 102
  AND           shift, and go to state 101


state 125

  44) Expression : Expression DOT LENGTH _

  $default      reduce using rule 44 (Expression)


state 126

  45) Expression : Expression DOT Identifier _ LPAREN ActualParameters RPAREN

  LPAREN        shift, and go to state 136


state 127

  51) Expression : NEW INT LBRACKET _ Expression RBRACKET

  LPAREN        shift, and go to state 89
  NOT           shift, and go to state 88
  INT_LITERAL   shift, and go to state 82
  TRUE          shift, and go to state 83
  FALSE         shift, and go to state 84
  THIS          shift, and go to state 86
  NEW           shift, and go to state 87
  IDENTIFIER    shift, and go to state 7

  Expression    go to state 137
  Identifier    go to state 85

state 128

  52) Expression : NEW Identifier LPAREN _ RPAREN

  RPAREN        shift, and go to state 138


state 129

  54) Expression : LPAREN Expression RPAREN _

  $default      reduce using rule 54 (Expression)


state 130

  36) Statement : Identifier LBRACKET Expression RBRACKET EQUAL _ Expression SEMICOLON

  LPAREN        shift, and go to state 89
  NOT           shift, and go to state 88
  INT_LITERAL   shift, and go to state 82
  TRUE          shift, and go to state 83
  FALSE         shift, and go to state 84
  THIS          shift, and go to state 86
  NEW           shift, and go to state 87
  IDENTIFIER    shift, and go to state 7

  Expression    go to state 139
  Identifier    go to state 85

state 131

  32) Statement : IF LPAREN Expression RPAREN Statement _ ELSE Statement

  ELSE          shift, and go to state 140


state 132

  33) Statement : WHILE LPAREN Expression RPAREN Statement _

  $default      reduce using rule 33 (Statement)


state 133

  34) Statement : PRINTLN LPAREN Expression RPAREN SEMICOLON _

  $default      reduce using rule 34 (Statement)


state 134

   3) MainMethodDeclaration : PUBLIC STATIC VOID MAIN LPAREN STRING LBRACKET RBRACKET Identifier RPAREN LBRACE Statement _ RBRACE

  RBRACE        shift, and go to state 141


state 135

  43) Expression : Expression LBRACKET Expression RBRACKET _

  $default      reduce using rule 43 (Expression)


state 136

  45) Expression : Expression DOT Identifier LPAREN _ ActualParameters RPAREN

  LPAREN        shift, and go to state 89
  NOT           shift, and go to state 88
  INT_LITERAL   shift, and go to state 82
  TRUE          shift, and go to state 83
  FALSE         shift, and go to state 84
  THIS          shift, and go to state 86
  NEW           shift, and go to state 87
  IDENTIFIER    shift, and go to state 7
  $default      reduce using rule 55 (ActualParameters)

  Expression    go to state 142
  ActualParameters  go to state 143
  Identifier    go to state 85
  OneOrMoreActualParameters  go to state 144

state 137

  38) Expression : Expression _ AND Expression
  39) Expression : Expression _ LT Expression
  40) Expression : Expression _ PLUS Expression
  41) Expression : Expression _ MINUS Expression
  42) Expression : Expression _ STAR Expression
  43) Expression : Expression _ LBRACKET Expression RBRACKET
  44) Expression : Expression _ DOT LENGTH
  45) Expression : Expression _ DOT Identifier LPAREN ActualParameters RPAREN
  51) Expression : NEW INT LBRACKET Expression _ RBRACKET

  LBRACKET      shift, and go to state 106
  RBRACKET      shift, and go to state 145
  DOT           shift, and go to state 107
  STAR          shift, and go to state 105
  PLUS          shift, and go to state 103
  MINUS         shift, and go to state 104
  LT            shift, and go to state 102
  AND           shift, and go to state 101


state 138

  52) Expression : NEW Identifier LPAREN RPAREN _

  $default      reduce using rule 52 (Expression)


state 139

  36) Statement : Identifier LBRACKET Expression RBRACKET EQUAL Expression _ SEMICOLON
  38) Expression : Expression _ AND Expression
  39) Expression : Expression _ LT Expression
  40) Expression : Expression _ PLUS Expression
  41) Expression : Expression _ MINUS Expression
  42) Expression : Expression _ STAR Expression
  43) Expression : Expression _ LBRACKET Expression RBRACKET
  44) Expression : Expression _ DOT LENGTH
  45) Expression : Expression _ DOT Identifier LPAREN ActualParameters RPAREN

  LBRACKET      shift, and go to state 106
  DOT           shift, and go to state 107
  STAR          shift, and go to state 105
  PLUS          shift, and go to state 103
  MINUS         shift, and go to state 104
  LT            shift, and go to state 102
  AND           shift, and go to state 101
  SEMICOLON     shift, and go to state 146


state 140

  32) Statement : IF LPAREN Expression RPAREN Statement ELSE _ Statement

  error         shift, and go to state 62
  LBRACE        shift, and go to state 58
  IF            shift, and go to state 59
  WHILE         shift, and go to state 60
  PRINTLN       shift, and go to state 61
  IDENTIFIER    shift, and go to state 7

  Statement     go to state 147
  Identifier    go to state 70

state 141

   3) MainMethodDeclaration : PUBLIC STATIC VOID MAIN LPAREN STRING LBRACKET RBRACKET Identifier RPAREN LBRACE Statement RBRACE _

  $default      reduce using rule 3 (MainMethodDeclaration)


state 142

  38) Expression : Expression _ AND Expression
  39) Expression : Expression _ LT Expression
  40) Expression : Expression _ PLUS Expression
  41) Expression : Expression _ MINUS Expression
  42) Expression : Expression _ STAR Expression
  43) Expression : Expression _ LBRACKET Expression RBRACKET
  44) Expression : Expression _ DOT LENGTH
  45) Expression : Expression _ DOT Identifier LPAREN ActualParameters RPAREN
  57) OneOrMoreActualParameters : Expression _
  58) OneOrMoreActualParameters : Expression _ COMMA OneOrMoreActualParameters

  LBRACKET      shift, and go to state 106
  DOT           shift, and go to state 107
  STAR          shift, and go to state 105
  PLUS          shift, and go to state 103
  MINUS         shift, and go to state 104
  LT            shift, and go to state 102
  AND           shift, and go to state 101
  COMMA         shift, and go to state 148
  $default      reduce using rule 57 (OneOrMoreActualParameters)


state 143

  45) Expression : Expression DOT Identifier LPAREN ActualParameters _ RPAREN

  RPAREN        shift, and go to state 149


state 144

  56) ActualParameters : OneOrMoreActualParameters _

  $default      reduce using rule 56 (ActualParameters)


state 145

  51) Expression : NEW INT LBRACKET Expression RBRACKET _

  $default      reduce using rule 51 (Expression)


state 146

  36) Statement : Identifier LBRACKET Expression RBRACKET EQUAL Expression SEMICOLON _

  $default      reduce using rule 36 (Statement)


state 147

  32) Statement : IF LPAREN Expression RPAREN Statement ELSE Statement _

  $default      reduce using rule 32 (Statement)


state 148

  58) OneOrMoreActualParameters : Expression COMMA _ OneOrMoreActualParameters

  LPAREN        shift, and go to state 89
  NOT           shift, and go to state 88
  INT_LITERAL   shift, and go to state 82
  TRUE          shift, and go to state 83
  FALSE         shift, and go to state 84
  THIS          shift, and go to state 86
  NEW           shift, and go to state 87
  IDENTIFIER    shift, and go to state 7

  Expression    go to state 142
  Identifier    go to state 85
  OneOrMoreActualParameters  go to state 150

state 149

  45) Expression : Expression DOT Identifier LPAREN ActualParameters RPAREN _

  $default      reduce using rule 45 (Expression)


state 150

  58) OneOrMoreActualParameters : Expression COMMA OneOrMoreActualParameters _

  $default      reduce using rule 58 (OneOrMoreActualParameters)

